#include<sys/types.h>
#include<sys/socket.h>
#include<stdio.h>
#include<netinet/in.h>
#include<unistd.h>
#include<arpa/inet.h>
#include<stdio.h>
#include<stdlib.h>
 main()
{
 int i=0,p=0;
char msg1[30];

 int sockfd=socket(AF_INET,SOCK_STREAM,0);

 struct sockaddr_in ser,cli;

  ser.sin_family=AF_INET;

  ser.sin_port=htons(8000);

  ser.sin_addr.s_addr=inet_addr("127.0.0.1");
  
  bind(sockfd,(struct sockaddr *)&ser,sizeof(ser));
  listen(sockfd,5);

   for(;;)
{
   printf("entered accept loop\n");
   int len=sizeof(cli);
   int consd=accept(sockfd,(struct sockaddr *)&cli,&len);
 
  if(consd < 0)
  {

  printf("conn not est process\n");
  exit(0);
 }
else
{  

  printf("conn est\n");
 
  if(fork()==0)
   {
    close(sockfd);
     recv(consd,msg1,30,0);  
    printf("message recieved %s \n",msg1);
     send(consd,msg1,30,0);
    close(consd); 
    exit(0);
  }
    
}
}
} 
